Using pre-set license
Built from '2020.3/staging' branch; Version is '2020.3.0f1 (c7b5465681fb) revision 13088070'; Using compiler version '192528614'; Build Type 'Release'
OS: 'Windows 10 Pro; OS build 19041.867; Version 2004; 64bit' Language: 'en' Physical Memory: 8043 MB
BatchMode: 1, IsHumanControllingUs: 0, StartBugReporterOnCrash: 0, Is64bit: 1, IsPro: 0

 COMMAND LINE ARGUMENTS:
C:\Program Files\Unity\Hub\Editor\2020.3.0f1\Editor\Unity.exe
-adb2
-batchMode
-noUpm
-name
AssetImportWorker0
-projectPath
C:/Users/Georgeta C/OneDrive/Documents/Unity/3dGame
-logFile
Logs/AssetImportWorker0.log
-srvPort
50178
Successfully changed project path to: C:/Users/Georgeta C/OneDrive/Documents/Unity/3dGame
C:/Users/Georgeta C/OneDrive/Documents/Unity/3dGame
Using Asset Import Pipeline V2.
Refreshing native plugins compatible for Editor in 75.59 ms, found 0 plugins.
Preloading 0 native plugins for Editor in 0.00 ms.
Initialize engine version: 2020.3.0f1 (c7b5465681fb)
[Subsystems] Discovering subsystems at path C:/Program Files/Unity/Hub/Editor/2020.3.0f1/Editor/Data/Resources/UnitySubsystems
[Subsystems] Discovering subsystems at path C:/Users/Georgeta C/OneDrive/Documents/Unity/3dGame/Assets
GfxDevice: creating device client; threaded=0
Direct3D:
    Version:  Direct3D 11.0 [level 11.1]
    Renderer: NVIDIA GeForce MX230 (ID=0x1d11)
    Vendor:   
    VRAM:     1984 MB
    Driver:   27.21.14.5167
Initialize mono
Mono path[0] = 'C:/Program Files/Unity/Hub/Editor/2020.3.0f1/Editor/Data/Managed'
Mono path[1] = 'C:/Program Files/Unity/Hub/Editor/2020.3.0f1/Editor/Data/MonoBleedingEdge/lib/mono/unityjit'
Mono config path = 'C:/Program Files/Unity/Hub/Editor/2020.3.0f1/Editor/Data/MonoBleedingEdge/etc'
Using monoOptions --debugger-agent=transport=dt_socket,embedding=1,server=y,suspend=n,address=127.0.0.1:56208
Begin MonoManager ReloadAssembly
Registering precompiled unity dll's ...
Register platform support module: C:/Program Files/Unity/Hub/Editor/2020.3.0f1/Editor/Data/PlaybackEngines/WindowsStandaloneSupport/UnityEditor.WindowsStandalone.Extensions.dll
Registered in 0.005587 seconds.
Native extension for WindowsStandalone target not found
Refreshing native plugins compatible for Editor in 55.04 ms, found 0 plugins.
Preloading 0 native plugins for Editor in 0.00 ms.
Invoked RoslynAnalysisRunner static constructor.
RoslynAnalysisRunner will not be running.
RoslynAnalysisRunner has terminated.
Mono: successfully reloaded assembly
- Completed reload, in  2.521 seconds
Platform modules already initialized, skipping
Registering precompiled user dll's ...
Registered in 0.001416 seconds.
Begin MonoManager ReloadAssembly
Native extension for WindowsStandalone target not found
Refreshing native plugins compatible for Editor in 0.38 ms, found 0 plugins.
Preloading 0 native plugins for Editor in 0.00 ms.
Invoked RoslynAnalysisRunner static constructor.
RoslynAnalysisRunner will not be running.
RoslynAnalysisRunner has terminated.
Mono: successfully reloaded assembly
- Completed reload, in  2.003 seconds
Platform modules already initialized, skipping
========================================================================
Worker process is ready to serve import requests
Launched and connected shader compiler UnityShaderCompiler.exe after 0.09 seconds
Refreshing native plugins compatible for Editor in 0.34 ms, found 0 plugins.
Preloading 0 native plugins for Editor in 0.00 ms.
Unloading 1113 Unused Serialized files (Serialized files now loaded: 0)
System memory in use before: 57.4 MB.
System memory in use after: 57.4 MB.

Unloading 10 unused Assets to reduce memory usage. Loaded Objects now: 1556.
Total: 4.381900 ms (FindLiveObjects: 0.349600 ms CreateObjectMapping: 0.230700 ms MarkObjects: 3.603300 ms  DeleteObjects: 0.195900 ms)

========================================================================
Received Import Request.
  path: Assets/HouseMaterial.mat
  artifactKey: Guid(f8c447e3bc0b8644eadc102a30e12413) Importer(815301076,1909f56bfc062723c751e8b465ee728b)
Start importing Assets/HouseMaterial.mat using Guid(f8c447e3bc0b8644eadc102a30e12413) Importer(815301076,1909f56bfc062723c751e8b465ee728b)  -> (artifact id: 'd60be44dd049063c9769665f2d67cdb8') in 0.526155 seconds
  Import took 0.534364 seconds .

========================================================================
Received Import Request.
  Time since last request: 10.939042 seconds.
  path: Assets/HouseMaterial.mat
  artifactKey: Guid(f8c447e3bc0b8644eadc102a30e12413) Importer(815301076,1909f56bfc062723c751e8b465ee728b)
Start importing Assets/HouseMaterial.mat using Guid(f8c447e3bc0b8644eadc102a30e12413) Importer(815301076,1909f56bfc062723c751e8b465ee728b)  -> (artifact id: 'd60be44dd049063c9769665f2d67cdb8') in 0.068087 seconds
  Import took 0.073338 seconds .

========================================================================
Received Import Request.
  Time since last request: 1.033470 seconds.
  path: Assets/New Terrain Layer.terrainlayer
  artifactKey: Guid(44319f5e28911c0479e7c88ac25aae41) Importer(815301076,1909f56bfc062723c751e8b465ee728b)
Start importing Assets/New Terrain Layer.terrainlayer using Guid(44319f5e28911c0479e7c88ac25aae41) Importer(815301076,1909f56bfc062723c751e8b465ee728b)  -> (artifact id: '181efcf4eb31c773a1f081b19d82b30a') in 0.031607 seconds
  Import took 0.036008 seconds .

========================================================================
Received Import Request.
  Time since last request: 52.241232 seconds.
  path: Assets/New Scene.unity
  artifactKey: Guid(303972a9f301e2341a80a9e9a9ede58d) Importer(815301076,1909f56bfc062723c751e8b465ee728b)
Start importing Assets/New Scene.unity using Guid(303972a9f301e2341a80a9e9a9ede58d) Importer(815301076,1909f56bfc062723c751e8b465ee728b)  -> (artifact id: '5571d45ac7e698d5d520d64e9b158e82') in 0.029650 seconds
  Import took 0.037931 seconds .

========================================================================
Received Import Request.
  Time since last request: 18.559444 seconds.
  path: Assets/New Terrain.asset
  artifactKey: Guid(6b661988298bd8b4b9a0b46fc8cbf31a) Importer(815301076,1909f56bfc062723c751e8b465ee728b)
Start importing Assets/New Terrain.asset using Guid(6b661988298bd8b4b9a0b46fc8cbf31a) Importer(815301076,1909f56bfc062723c751e8b465ee728b)  -> (artifact id: '543a720bd3254270260b555b56ebf8ec') in 0.036764 seconds
  Import took 0.041091 seconds .

========================================================================
Received Import Request.
  Time since last request: 84.418057 seconds.
  path: Assets/Tree.prefab
  artifactKey: Guid(11be870081b343c45b64f99d1101c594) Importer(815301076,1909f56bfc062723c751e8b465ee728b)
Start importing Assets/Tree.prefab using Guid(11be870081b343c45b64f99d1101c594) Importer(815301076,1909f56bfc062723c751e8b465ee728b)  -> (artifact id: '0a50feb6d511a9b8be4339cd185a7456') in 0.808370 seconds
  Import took 0.814950 seconds .

========================================================================
Received Import Request.
  Time since last request: 512.031312 seconds.
  path: Assets/PlayerMaterial.mat
  artifactKey: Guid(70e16f9c4457f7b41a128a7646254964) Importer(815301076,1909f56bfc062723c751e8b465ee728b)
Start importing Assets/PlayerMaterial.mat using Guid(70e16f9c4457f7b41a128a7646254964) Importer(815301076,1909f56bfc062723c751e8b465ee728b)  -> (artifact id: '07db12fd587832bee24c0dc15c2b76f5') in 0.092507 seconds
  Import took 0.102282 seconds .

========================================================================
Received Import Request.
  Time since last request: 2114.825863 seconds.
  path: Assets/Models/tree.fbx
  artifactKey: Guid(13daa2b6d7054454fb15373fdef9b8f0) Importer(815301076,1909f56bfc062723c751e8b465ee728b)
Start importing Assets/Models/tree.fbx using Guid(13daa2b6d7054454fb15373fdef9b8f0) Importer(815301076,1909f56bfc062723c751e8b465ee728b)  -> (artifact id: '3964851abb85a45418591989fc042ffa') in 0.232183 seconds
  Import took 0.241304 seconds .

========================================================================
Received Import Request.
  Time since last request: 19.798291 seconds.
  path: Assets/Models/tree.fbx
  artifactKey: Guid(13daa2b6d7054454fb15373fdef9b8f0) Importer(815301076,1909f56bfc062723c751e8b465ee728b)
Start importing Assets/Models/tree.fbx using Guid(13daa2b6d7054454fb15373fdef9b8f0) Importer(815301076,1909f56bfc062723c751e8b465ee728b)  -> (artifact id: '5a15ec95c3b9430526c0d01ef89c3262') in 0.106273 seconds
  Import took 0.114341 seconds .

========================================================================
Received Import Request.
  Time since last request: 67.199571 seconds.
  path: Assets/Textures/bark.mat
  artifactKey: Guid(91acb62ac259f4a429844f3cc09aadc8) Importer(815301076,1909f56bfc062723c751e8b465ee728b)
Start importing Assets/Textures/bark.mat using Guid(91acb62ac259f4a429844f3cc09aadc8) Importer(815301076,1909f56bfc062723c751e8b465ee728b)  -> (artifact id: 'fbba4b9482a4aa28515913aef415e5ba') in 0.059413 seconds
  Import took 0.065224 seconds .

========================================================================
Received Import Request.
  Time since last request: 0.000566 seconds.
  path: Assets/Textures/leaves.mat
  artifactKey: Guid(5e4922ff312f1da4ba9d1fa0626e98b6) Importer(815301076,1909f56bfc062723c751e8b465ee728b)
Start importing Assets/Textures/leaves.mat using Guid(5e4922ff312f1da4ba9d1fa0626e98b6) Importer(815301076,1909f56bfc062723c751e8b465ee728b)  -> (artifact id: 'd7d5ce588f81d06c00845d45fed112e5') in 0.037895 seconds
  Import took 0.048104 seconds .

========================================================================
Received Import Request.
  Time since last request: 132.020104 seconds.
  path: Assets/Textures/Untitled_Artwork-1.png
  artifactKey: Guid(933e2408a3baa1a49bddd0e584844c5c) Importer(815301076,1909f56bfc062723c751e8b465ee728b)
Start importing Assets/Textures/Untitled_Artwork-1.png using Guid(933e2408a3baa1a49bddd0e584844c5c) Importer(815301076,1909f56bfc062723c751e8b465ee728b)  -> (artifact id: '1e9f74953e6e6b7f2aaba0baadf8b521') in 0.124091 seconds
  Import took 0.128218 seconds .

========================================================================
Received Import Request.
  Time since last request: 2.781017 seconds.
  path: Assets/Tree_Textures/diffuse.png
  artifactKey: Guid(7f0b7e8ed68ee5248aa3535b3c5229f2) Importer(815301076,1909f56bfc062723c751e8b465ee728b)
Start importing Assets/Tree_Textures/diffuse.png using Guid(7f0b7e8ed68ee5248aa3535b3c5229f2) Importer(815301076,1909f56bfc062723c751e8b465ee728b)  -> (artifact id: '0383523179a9e65de90c491ab89ab4f2') in 0.035886 seconds
  Import took 0.041238 seconds .

========================================================================
Received Import Request.
  Time since last request: 0.000307 seconds.
  path: Assets/Tree_Textures/normal_specular.png
  artifactKey: Guid(03b4cc24c7560554eb6c10c2a5b17eda) Importer(815301076,1909f56bfc062723c751e8b465ee728b)
Start importing Assets/Tree_Textures/normal_specular.png using Guid(03b4cc24c7560554eb6c10c2a5b17eda) Importer(815301076,1909f56bfc062723c751e8b465ee728b)  -> (artifact id: 'af1bb4b16ffec97f28e970dfb06c4f9d') in 0.031585 seconds
  Import took 0.035702 seconds .

========================================================================
Received Import Request.
  Time since last request: 0.000343 seconds.
  path: Assets/Tree_Textures/shadow.png
  artifactKey: Guid(ecbe283b8aea4c144a261b1e567b951d) Importer(815301076,1909f56bfc062723c751e8b465ee728b)
Start importing Assets/Tree_Textures/shadow.png using Guid(ecbe283b8aea4c144a261b1e567b951d) Importer(815301076,1909f56bfc062723c751e8b465ee728b)  -> (artifact id: 'b8ec01b2961efe7acdc46450b32ec994') in 0.033367 seconds
  Import took 0.038670 seconds .

========================================================================
Received Import Request.
  Time since last request: 0.914573 seconds.
  path: Assets/Tree_Textures/translucency_gloss.png
  artifactKey: Guid(d25bca2b38df7bc4ca44f6374bcdb8f8) Importer(815301076,1909f56bfc062723c751e8b465ee728b)
Start importing Assets/Tree_Textures/translucency_gloss.png using Guid(d25bca2b38df7bc4ca44f6374bcdb8f8) Importer(815301076,1909f56bfc062723c751e8b465ee728b)  -> (artifact id: '0fee233c966caa1b37ceafd7db2460e6') in 0.041297 seconds
  Import took 0.049480 seconds .

========================================================================
Received Import Request.
  Time since last request: 0.005235 seconds.
  path: Assets/Tree_Textures/translucency_gloss.png
  artifactKey: Guid(d25bca2b38df7bc4ca44f6374bcdb8f8) Importer(815301076,1909f56bfc062723c751e8b465ee728b)
Start importing Assets/Tree_Textures/translucency_gloss.png using Guid(d25bca2b38df7bc4ca44f6374bcdb8f8) Importer(815301076,1909f56bfc062723c751e8b465ee728b)  -> (artifact id: '0fee233c966caa1b37ceafd7db2460e6') in 0.015553 seconds
  Import took 0.021269 seconds .

========================================================================
Received Import Request.
  Time since last request: 202.811261 seconds.
  path: Assets/Textures/bark.mat
  artifactKey: Guid(91acb62ac259f4a429844f3cc09aadc8) Importer(815301076,1909f56bfc062723c751e8b465ee728b)
Start importing Assets/Textures/bark.mat using Guid(91acb62ac259f4a429844f3cc09aadc8) Importer(815301076,1909f56bfc062723c751e8b465ee728b)  -> (artifact id: 'bf75b403297702777ca03381b672fc3a') in 0.022796 seconds
  Import took 0.025461 seconds .

========================================================================
Received Import Request.
  Time since last request: 0.000313 seconds.
  path: Assets/Textures/leaves.mat
  artifactKey: Guid(5e4922ff312f1da4ba9d1fa0626e98b6) Importer(815301076,1909f56bfc062723c751e8b465ee728b)
Start importing Assets/Textures/leaves.mat using Guid(5e4922ff312f1da4ba9d1fa0626e98b6) Importer(815301076,1909f56bfc062723c751e8b465ee728b)  -> (artifact id: 'cb9cc91d69faf19d9c4a9583e8e30776') in 0.036102 seconds
  Import took 0.038061 seconds .

========================================================================
Received Import Request.
  Time since last request: 88.222832 seconds.
  path: Assets/PlayerMaterial.mat
  artifactKey: Guid(70e16f9c4457f7b41a128a7646254964) Importer(815301076,1909f56bfc062723c751e8b465ee728b)
Start importing Assets/PlayerMaterial.mat using Guid(70e16f9c4457f7b41a128a7646254964) Importer(815301076,1909f56bfc062723c751e8b465ee728b)  -> (artifact id: '2dd6d2da74da1f25b52a9da6a084abc1') in 0.037957 seconds
  Import took 0.041528 seconds .

========================================================================
Received Import Request.
  Time since last request: 17.687174 seconds.
  path: Assets/Scripts
  artifactKey: Guid(2d998f0e12b359245a04b803e0005434) Importer(815301076,1909f56bfc062723c751e8b465ee728b)
Start importing Assets/Scripts using Guid(2d998f0e12b359245a04b803e0005434) Importer(815301076,1909f56bfc062723c751e8b465ee728b)  -> (artifact id: '0e8382db0112ecaa7cfe5292ed08519a') in 0.008499 seconds
  Import took 0.013463 seconds .

========================================================================
Received Import Request.
  Time since last request: 12.753732 seconds.
  path: Assets/Scripts/PlayerControl.cs
  artifactKey: Guid(95f81c5c3874b7f4e8ec7569e108e196) Importer(815301076,1909f56bfc062723c751e8b465ee728b)
Start importing Assets/Scripts/PlayerControl.cs using Guid(95f81c5c3874b7f4e8ec7569e108e196) Importer(815301076,1909f56bfc062723c751e8b465ee728b)  -> (artifact id: '2549738e4b7cbcbaf657289cfc2d0a62') in 0.021777 seconds
  Import took 0.023698 seconds .

========================================================================
Received Prepare
Registering precompiled user dll's ...
Registered in 0.000623 seconds.
Begin MonoManager ReloadAssembly
Native extension for WindowsStandalone target not found
Refreshing native plugins compatible for Editor in 0.19 ms, found 0 plugins.
Preloading 0 native plugins for Editor in 0.00 ms.
Invoked RoslynAnalysisRunner static constructor.
RoslynAnalysisRunner will not be running.
RoslynAnalysisRunner has terminated.
Mono: successfully reloaded assembly
- Completed reload, in  0.879 seconds
Platform modules already initialized, skipping
Refreshing native plugins compatible for Editor in 0.21 ms, found 0 plugins.
Preloading 0 native plugins for Editor in 0.00 ms.
Unloading 1109 Unused Serialized files (Serialized files now loaded: 0)
System memory in use before: 62.7 MB.
System memory in use after: 62.3 MB.

Unloading 7 unused Assets to reduce memory usage. Loaded Objects now: 1615.
Total: 4.981100 ms (FindLiveObjects: 0.425900 ms CreateObjectMapping: 0.113200 ms MarkObjects: 3.615800 ms  DeleteObjects: 0.822900 ms)

========================================================================
Received Prepare
Registering precompiled user dll's ...
Registered in 0.000611 seconds.
Begin MonoManager ReloadAssembly
Native extension for WindowsStandalone target not found
Refreshing native plugins compatible for Editor in 0.23 ms, found 0 plugins.
Preloading 0 native plugins for Editor in 0.00 ms.
Invoked RoslynAnalysisRunner static constructor.
RoslynAnalysisRunner will not be running.
RoslynAnalysisRunner has terminated.
Mono: successfully reloaded assembly
- Completed reload, in  0.788 seconds
Platform modules already initialized, skipping
Refreshing native plugins compatible for Editor in 0.29 ms, found 0 plugins.
Preloading 0 native plugins for Editor in 0.00 ms.
Unloading 1110 Unused Serialized files (Serialized files now loaded: 0)
System memory in use before: 62.3 MB.
System memory in use after: 62.4 MB.

Unloading 5 unused Assets to reduce memory usage. Loaded Objects now: 1619.
Total: 3.436300 ms (FindLiveObjects: 0.275600 ms CreateObjectMapping: 0.080700 ms MarkObjects: 2.941300 ms  DeleteObjects: 0.135900 ms)

========================================================================
Received Prepare
Registering precompiled user dll's ...
Registered in 0.000615 seconds.
Begin MonoManager ReloadAssembly
Native extension for WindowsStandalone target not found
Refreshing native plugins compatible for Editor in 0.22 ms, found 0 plugins.
Preloading 0 native plugins for Editor in 0.00 ms.
Invoked RoslynAnalysisRunner static constructor.
RoslynAnalysisRunner will not be running.
RoslynAnalysisRunner has terminated.
Mono: successfully reloaded assembly
- Completed reload, in  0.775 seconds
Platform modules already initialized, skipping
Refreshing native plugins compatible for Editor in 0.24 ms, found 0 plugins.
Preloading 0 native plugins for Editor in 0.00 ms.
Unloading 1110 Unused Serialized files (Serialized files now loaded: 0)
System memory in use before: 62.3 MB.
System memory in use after: 62.4 MB.

Unloading 5 unused Assets to reduce memory usage. Loaded Objects now: 1622.
Total: 3.684200 ms (FindLiveObjects: 0.286400 ms CreateObjectMapping: 0.085500 ms MarkObjects: 3.184200 ms  DeleteObjects: 0.126300 ms)

========================================================================
Received Prepare
Registering precompiled user dll's ...
Registered in 0.000589 seconds.
Begin MonoManager ReloadAssembly
Native extension for WindowsStandalone target not found
Refreshing native plugins compatible for Editor in 0.22 ms, found 0 plugins.
Preloading 0 native plugins for Editor in 0.00 ms.
Invoked RoslynAnalysisRunner static constructor.
RoslynAnalysisRunner will not be running.
RoslynAnalysisRunner has terminated.
Mono: successfully reloaded assembly
- Completed reload, in  0.786 seconds
Platform modules already initialized, skipping
Refreshing native plugins compatible for Editor in 0.20 ms, found 0 plugins.
Preloading 0 native plugins for Editor in 0.00 ms.
Unloading 1110 Unused Serialized files (Serialized files now loaded: 0)
System memory in use before: 62.3 MB.
System memory in use after: 62.4 MB.

Unloading 5 unused Assets to reduce memory usage. Loaded Objects now: 1625.
Total: 1.889600 ms (FindLiveObjects: 0.141900 ms CreateObjectMapping: 0.044600 ms MarkObjects: 1.604600 ms  DeleteObjects: 0.096500 ms)

========================================================================
Received Prepare
Registering precompiled user dll's ...
Registered in 0.000599 seconds.
Begin MonoManager ReloadAssembly
Native extension for WindowsStandalone target not found
Refreshing native plugins compatible for Editor in 0.25 ms, found 0 plugins.
Preloading 0 native plugins for Editor in 0.00 ms.
Invoked RoslynAnalysisRunner static constructor.
RoslynAnalysisRunner will not be running.
RoslynAnalysisRunner has terminated.
Mono: successfully reloaded assembly
- Completed reload, in  0.775 seconds
Platform modules already initialized, skipping
Refreshing native plugins compatible for Editor in 0.19 ms, found 0 plugins.
Preloading 0 native plugins for Editor in 0.00 ms.
Unloading 1110 Unused Serialized files (Serialized files now loaded: 0)
System memory in use before: 62.3 MB.
System memory in use after: 62.4 MB.

Unloading 5 unused Assets to reduce memory usage. Loaded Objects now: 1628.
Total: 1.800700 ms (FindLiveObjects: 0.163700 ms CreateObjectMapping: 0.043000 ms MarkObjects: 1.524300 ms  DeleteObjects: 0.068200 ms)

========================================================================
Received Prepare
Registering precompiled user dll's ...
Registered in 0.000984 seconds.
Begin MonoManager ReloadAssembly
Native extension for WindowsStandalone target not found
Refreshing native plugins compatible for Editor in 0.26 ms, found 0 plugins.
Preloading 0 native plugins for Editor in 0.00 ms.
Invoked RoslynAnalysisRunner static constructor.
RoslynAnalysisRunner will not be running.
RoslynAnalysisRunner has terminated.
Mono: successfully reloaded assembly
- Completed reload, in  0.916 seconds
Platform modules already initialized, skipping
Refreshing native plugins compatible for Editor in 0.37 ms, found 0 plugins.
Preloading 0 native plugins for Editor in 0.00 ms.
Unloading 1110 Unused Serialized files (Serialized files now loaded: 0)
System memory in use before: 62.3 MB.
System memory in use after: 62.4 MB.

Unloading 5 unused Assets to reduce memory usage. Loaded Objects now: 1631.
Total: 2.439200 ms (FindLiveObjects: 0.259100 ms CreateObjectMapping: 0.102300 ms MarkObjects: 2.014000 ms  DeleteObjects: 0.062600 ms)

========================================================================
Received Prepare
Registering precompiled user dll's ...
Registered in 0.000659 seconds.
Begin MonoManager ReloadAssembly
Native extension for WindowsStandalone target not found
Refreshing native plugins compatible for Editor in 0.20 ms, found 0 plugins.
Preloading 0 native plugins for Editor in 0.00 ms.
Invoked RoslynAnalysisRunner static constructor.
RoslynAnalysisRunner will not be running.
RoslynAnalysisRunner has terminated.
Mono: successfully reloaded assembly
- Completed reload, in  0.786 seconds
Platform modules already initialized, skipping
Refreshing native plugins compatible for Editor in 0.19 ms, found 0 plugins.
Preloading 0 native plugins for Editor in 0.00 ms.
Unloading 1111 Unused Serialized files (Serialized files now loaded: 0)
System memory in use before: 62.3 MB.
System memory in use after: 62.4 MB.

Unloading 5 unused Assets to reduce memory usage. Loaded Objects now: 1635.
Total: 1.686500 ms (FindLiveObjects: 0.147200 ms CreateObjectMapping: 0.048100 ms MarkObjects: 1.431300 ms  DeleteObjects: 0.058500 ms)

========================================================================
Received Prepare
Registering precompiled user dll's ...
Registered in 0.000603 seconds.
Begin MonoManager ReloadAssembly
Native extension for WindowsStandalone target not found
Refreshing native plugins compatible for Editor in 0.24 ms, found 0 plugins.
Preloading 0 native plugins for Editor in 0.00 ms.
Invoked RoslynAnalysisRunner static constructor.
RoslynAnalysisRunner will not be running.
RoslynAnalysisRunner has terminated.
Mono: successfully reloaded assembly
- Completed reload, in  0.790 seconds
Platform modules already initialized, skipping
Refreshing native plugins compatible for Editor in 0.22 ms, found 0 plugins.
Preloading 0 native plugins for Editor in 0.00 ms.
Unloading 1111 Unused Serialized files (Serialized files now loaded: 0)
System memory in use before: 62.4 MB.
System memory in use after: 62.4 MB.

Unloading 5 unused Assets to reduce memory usage. Loaded Objects now: 1638.
Total: 2.254500 ms (FindLiveObjects: 0.335400 ms CreateObjectMapping: 0.123800 ms MarkObjects: 1.733700 ms  DeleteObjects: 0.059100 ms)

========================================================================
Received Prepare
Registering precompiled user dll's ...
Registered in 0.000947 seconds.
Begin MonoManager ReloadAssembly
Native extension for WindowsStandalone target not found
Refreshing native plugins compatible for Editor in 0.63 ms, found 0 plugins.
Preloading 0 native plugins for Editor in 0.00 ms.
Invoked RoslynAnalysisRunner static constructor.
RoslynAnalysisRunner will not be running.
RoslynAnalysisRunner has terminated.
Mono: successfully reloaded assembly
- Completed reload, in  1.039 seconds
Platform modules already initialized, skipping
Refreshing native plugins compatible for Editor in 0.22 ms, found 0 plugins.
Preloading 0 native plugins for Editor in 0.00 ms.
Unloading 1111 Unused Serialized files (Serialized files now loaded: 0)
System memory in use before: 62.4 MB.
System memory in use after: 62.4 MB.

Unloading 5 unused Assets to reduce memory usage. Loaded Objects now: 1641.
Total: 2.260400 ms (FindLiveObjects: 0.189300 ms CreateObjectMapping: 0.053600 ms MarkObjects: 1.932300 ms  DeleteObjects: 0.083800 ms)

========================================================================
Received Import Request.
  Time since last request: 1298.730249 seconds.
  path: Assets/Prefabs
  artifactKey: Guid(7765de11c5d5400419455a4044e1c772) Importer(815301076,1909f56bfc062723c751e8b465ee728b)
Start importing Assets/Prefabs using Guid(7765de11c5d5400419455a4044e1c772) Importer(815301076,1909f56bfc062723c751e8b465ee728b)  -> (artifact id: 'd77fea40b3c367325f0bf092d5bfae32') in 0.011109 seconds
  Import took 0.013351 seconds .

========================================================================
Received Import Request.
  Time since last request: 8.965555 seconds.
  path: Assets/Prefabs/tree.prefab
  artifactKey: Guid(6a7e32daef01e34428e63b31dbb080c3) Importer(815301076,1909f56bfc062723c751e8b465ee728b)
Start importing Assets/Prefabs/tree.prefab using Guid(6a7e32daef01e34428e63b31dbb080c3) Importer(815301076,1909f56bfc062723c751e8b465ee728b)  -> (artifact id: '4752e276ed8529f147ea8bcd52204704') in 0.129235 seconds
  Import took 0.131259 seconds .

========================================================================
Received Prepare
Registering precompiled user dll's ...
Registered in 0.001517 seconds.
Begin MonoManager ReloadAssembly
Native extension for WindowsStandalone target not found
Refreshing native plugins compatible for Editor in 0.20 ms, found 0 plugins.
Preloading 0 native plugins for Editor in 0.00 ms.
Invoked RoslynAnalysisRunner static constructor.
RoslynAnalysisRunner will not be running.
RoslynAnalysisRunner has terminated.
Mono: successfully reloaded assembly
- Completed reload, in  0.797 seconds
Platform modules already initialized, skipping
Refreshing native plugins compatible for Editor in 0.20 ms, found 0 plugins.
Preloading 0 native plugins for Editor in 0.00 ms.
Unloading 1111 Unused Serialized files (Serialized files now loaded: 0)
System memory in use before: 62.4 MB.
System memory in use after: 62.4 MB.

Unloading 5 unused Assets to reduce memory usage. Loaded Objects now: 1645.
Total: 1.813700 ms (FindLiveObjects: 0.147200 ms CreateObjectMapping: 0.045400 ms MarkObjects: 1.560800 ms  DeleteObjects: 0.058900 ms)

========================================================================
Received Import Request.
  Time since last request: 437.166756 seconds.
  path: Assets/Prefabs/house.prefab
  artifactKey: Guid(577035a365361d54dbfad6013eea8878) Importer(815301076,1909f56bfc062723c751e8b465ee728b)
Start importing Assets/Prefabs/house.prefab using Guid(577035a365361d54dbfad6013eea8878) Importer(815301076,1909f56bfc062723c751e8b465ee728b)  -> (artifact id: '152e1c9136bd342c952aa83e6b30edb7') in 0.191161 seconds
  Import took 0.194503 seconds .

========================================================================
Received Prepare
Registering precompiled user dll's ...
Registered in 0.000670 seconds.
Begin MonoManager ReloadAssembly
Native extension for WindowsStandalone target not found
Refreshing native plugins compatible for Editor in 0.53 ms, found 0 plugins.
Preloading 0 native plugins for Editor in 0.00 ms.
Invoked RoslynAnalysisRunner static constructor.
RoslynAnalysisRunner will not be running.
RoslynAnalysisRunner has terminated.
Mono: successfully reloaded assembly
- Completed reload, in  0.912 seconds
Platform modules already initialized, skipping
Refreshing native plugins compatible for Editor in 0.50 ms, found 0 plugins.
Preloading 0 native plugins for Editor in 0.00 ms.
Unloading 1111 Unused Serialized files (Serialized files now loaded: 0)
System memory in use before: 62.4 MB.
System memory in use after: 62.5 MB.

Unloading 5 unused Assets to reduce memory usage. Loaded Objects now: 1649.
Total: 2.927000 ms (FindLiveObjects: 0.248100 ms CreateObjectMapping: 0.077100 ms MarkObjects: 2.524900 ms  DeleteObjects: 0.072900 ms)

========================================================================
Received Import Request.
  Time since last request: 29.005614 seconds.
  path: Assets/Prefabs/house.prefab
  artifactKey: Guid(577035a365361d54dbfad6013eea8878) Importer(815301076,1909f56bfc062723c751e8b465ee728b)
Start importing Assets/Prefabs/house.prefab using Guid(577035a365361d54dbfad6013eea8878) Importer(815301076,1909f56bfc062723c751e8b465ee728b)  -> (artifact id: 'd68e69c1768e3d4a133ae138ed203cf8') in 0.135803 seconds
  Import took 0.140350 seconds .

========================================================================
Received Import Request.
  Time since last request: 252.634252 seconds.
  path: Assets/Prefabs/house.prefab
  artifactKey: Guid(577035a365361d54dbfad6013eea8878) Importer(815301076,1909f56bfc062723c751e8b465ee728b)
Start importing Assets/Prefabs/house.prefab using Guid(577035a365361d54dbfad6013eea8878) Importer(815301076,1909f56bfc062723c751e8b465ee728b)  -> (artifact id: 'eb1be308d8f88df9fe492da0c3ac1d28') in 0.058163 seconds
  Import took 0.061510 seconds .

========================================================================
Received Import Request.
  Time since last request: 0.002238 seconds.
  path: Assets/Prefabs/house.prefab
  artifactKey: Guid(577035a365361d54dbfad6013eea8878) Importer(815301076,1909f56bfc062723c751e8b465ee728b)
Start importing Assets/Prefabs/house.prefab using Guid(577035a365361d54dbfad6013eea8878) Importer(815301076,1909f56bfc062723c751e8b465ee728b)  -> (artifact id: 'eb1be308d8f88df9fe492da0c3ac1d28') in 0.030135 seconds
  Import took 0.033328 seconds .

========================================================================
Received Prepare
Registering precompiled user dll's ...
Registered in 0.000880 seconds.
Begin MonoManager ReloadAssembly
Native extension for WindowsStandalone target not found
Refreshing native plugins compatible for Editor in 0.35 ms, found 0 plugins.
Preloading 0 native plugins for Editor in 0.00 ms.
Invoked RoslynAnalysisRunner static constructor.
RoslynAnalysisRunner will not be running.
RoslynAnalysisRunner has terminated.
Mono: successfully reloaded assembly
- Completed reload, in  0.903 seconds
Platform modules already initialized, skipping
Refreshing native plugins compatible for Editor in 0.20 ms, found 0 plugins.
Preloading 0 native plugins for Editor in 0.00 ms.
Unloading 1111 Unused Serialized files (Serialized files now loaded: 0)
System memory in use before: 62.4 MB.
System memory in use after: 62.5 MB.

Unloading 5 unused Assets to reduce memory usage. Loaded Objects now: 1653.
Total: 1.901900 ms (FindLiveObjects: 0.164100 ms CreateObjectMapping: 0.050500 ms MarkObjects: 1.629600 ms  DeleteObjects: 0.056400 ms)

========================================================================
Received Prepare
Registering precompiled user dll's ...
Registered in 0.001367 seconds.
Begin MonoManager ReloadAssembly
Native extension for WindowsStandalone target not found
Refreshing native plugins compatible for Editor in 0.25 ms, found 0 plugins.
Preloading 0 native plugins for Editor in 0.00 ms.
Invoked RoslynAnalysisRunner static constructor.
RoslynAnalysisRunner will not be running.
RoslynAnalysisRunner has terminated.
Mono: successfully reloaded assembly
- Completed reload, in  0.831 seconds
Platform modules already initialized, skipping
Refreshing native plugins compatible for Editor in 0.20 ms, found 0 plugins.
Preloading 0 native plugins for Editor in 0.00 ms.
Unloading 1111 Unused Serialized files (Serialized files now loaded: 0)
System memory in use before: 62.4 MB.
System memory in use after: 62.5 MB.

Unloading 5 unused Assets to reduce memory usage. Loaded Objects now: 1656.
Total: 1.828600 ms (FindLiveObjects: 0.221200 ms CreateObjectMapping: 0.049000 ms MarkObjects: 1.462300 ms  DeleteObjects: 0.094700 ms)

========================================================================
Received Prepare
Registering precompiled user dll's ...
Registered in 0.000641 seconds.
Begin MonoManager ReloadAssembly
Native extension for WindowsStandalone target not found
Refreshing native plugins compatible for Editor in 0.30 ms, found 0 plugins.
Preloading 0 native plugins for Editor in 0.00 ms.
Invoked RoslynAnalysisRunner static constructor.
RoslynAnalysisRunner will not be running.
RoslynAnalysisRunner has terminated.
Mono: successfully reloaded assembly
- Completed reload, in  0.800 seconds
Platform modules already initialized, skipping
Refreshing native plugins compatible for Editor in 0.20 ms, found 0 plugins.
Preloading 0 native plugins for Editor in 0.00 ms.
Unloading 1111 Unused Serialized files (Serialized files now loaded: 0)
System memory in use before: 62.4 MB.
System memory in use after: 62.5 MB.

Unloading 5 unused Assets to reduce memory usage. Loaded Objects now: 1659.
Total: 2.459000 ms (FindLiveObjects: 0.222200 ms CreateObjectMapping: 0.082200 ms MarkObjects: 2.075300 ms  DeleteObjects: 0.077300 ms)

========================================================================
Received Prepare
Registering precompiled user dll's ...
Registered in 0.000822 seconds.
Begin MonoManager ReloadAssembly
Native extension for WindowsStandalone target not found
Refreshing native plugins compatible for Editor in 0.21 ms, found 0 plugins.
Preloading 0 native plugins for Editor in 0.00 ms.
Invoked RoslynAnalysisRunner static constructor.
RoslynAnalysisRunner will not be running.
RoslynAnalysisRunner has terminated.
Mono: successfully reloaded assembly
- Completed reload, in  0.779 seconds
Platform modules already initialized, skipping
Refreshing native plugins compatible for Editor in 0.23 ms, found 0 plugins.
Preloading 0 native plugins for Editor in 0.00 ms.
Unloading 1111 Unused Serialized files (Serialized files now loaded: 0)
System memory in use before: 62.4 MB.
System memory in use after: 62.5 MB.

Unloading 5 unused Assets to reduce memory usage. Loaded Objects now: 1662.
Total: 1.982100 ms (FindLiveObjects: 0.359600 ms CreateObjectMapping: 0.121900 ms MarkObjects: 1.439000 ms  DeleteObjects: 0.060100 ms)

========================================================================
Received Prepare
Registering precompiled user dll's ...
Registered in 0.000659 seconds.
Begin MonoManager ReloadAssembly
Native extension for WindowsStandalone target not found
Refreshing native plugins compatible for Editor in 0.33 ms, found 0 plugins.
Preloading 0 native plugins for Editor in 0.00 ms.
Invoked RoslynAnalysisRunner static constructor.
RoslynAnalysisRunner will not be running.
RoslynAnalysisRunner has terminated.
Mono: successfully reloaded assembly
- Completed reload, in  0.792 seconds
Platform modules already initialized, skipping
Refreshing native plugins compatible for Editor in 0.20 ms, found 0 plugins.
Preloading 0 native plugins for Editor in 0.00 ms.
Unloading 1111 Unused Serialized files (Serialized files now loaded: 0)
System memory in use before: 62.4 MB.
System memory in use after: 62.5 MB.

Unloading 5 unused Assets to reduce memory usage. Loaded Objects now: 1665.
Total: 2.440100 ms (FindLiveObjects: 0.433300 ms CreateObjectMapping: 0.155400 ms MarkObjects: 1.777700 ms  DeleteObjects: 0.069900 ms)

========================================================================
Received Import Request.
  Time since last request: 862.130271 seconds.
  path: ProjectSettings/TagManager.asset
  artifactKey: Guid(00000000000000003000000000000000) Importer(815301076,1909f56bfc062723c751e8b465ee728b)
Start importing ProjectSettings/TagManager.asset using Guid(00000000000000003000000000000000) Importer(815301076,1909f56bfc062723c751e8b465ee728b)  -> (artifact id: 'e58c32c74971579209c983feef23e212') in 0.018090 seconds
  Import took 0.021010 seconds .

========================================================================
Received Prepare
Registering precompiled user dll's ...
Registered in 0.000619 seconds.
Begin MonoManager ReloadAssembly
Native extension for WindowsStandalone target not found
Refreshing native plugins compatible for Editor in 0.21 ms, found 0 plugins.
Preloading 0 native plugins for Editor in 0.00 ms.
Invoked RoslynAnalysisRunner static constructor.
RoslynAnalysisRunner will not be running.
RoslynAnalysisRunner has terminated.
Mono: successfully reloaded assembly
- Completed reload, in  0.823 seconds
Platform modules already initialized, skipping
Refreshing native plugins compatible for Editor in 0.20 ms, found 0 plugins.
Preloading 0 native plugins for Editor in 0.00 ms.
Unloading 1111 Unused Serialized files (Serialized files now loaded: 0)
System memory in use before: 62.4 MB.
System memory in use after: 62.5 MB.

Unloading 6 unused Assets to reduce memory usage. Loaded Objects now: 1668.
Total: 1.834900 ms (FindLiveObjects: 0.303400 ms CreateObjectMapping: 0.066700 ms MarkObjects: 1.388700 ms  DeleteObjects: 0.074500 ms)

========================================================================
Received Prepare
Registering precompiled user dll's ...
Registered in 0.002933 seconds.
Begin MonoManager ReloadAssembly
Native extension for WindowsStandalone target not found
Refreshing native plugins compatible for Editor in 0.22 ms, found 0 plugins.
Preloading 0 native plugins for Editor in 0.00 ms.
Invoked RoslynAnalysisRunner static constructor.
RoslynAnalysisRunner will not be running.
RoslynAnalysisRunner has terminated.
Mono: successfully reloaded assembly
- Completed reload, in  1.091 seconds
Platform modules already initialized, skipping
Refreshing native plugins compatible for Editor in 0.38 ms, found 0 plugins.
Preloading 0 native plugins for Editor in 0.00 ms.
Unloading 1111 Unused Serialized files (Serialized files now loaded: 0)
System memory in use before: 62.4 MB.
System memory in use after: 62.5 MB.

Unloading 5 unused Assets to reduce memory usage. Loaded Objects now: 1671.
Total: 2.642700 ms (FindLiveObjects: 0.333800 ms CreateObjectMapping: 0.097200 ms MarkObjects: 2.146500 ms  DeleteObjects: 0.063600 ms)

========================================================================
Received Prepare
Registering precompiled user dll's ...
Registered in 0.000645 seconds.
Begin MonoManager ReloadAssembly
Native extension for WindowsStandalone target not found
Refreshing native plugins compatible for Editor in 0.24 ms, found 0 plugins.
Preloading 0 native plugins for Editor in 0.00 ms.
Invoked RoslynAnalysisRunner static constructor.
RoslynAnalysisRunner will not be running.
RoslynAnalysisRunner has terminated.
Mono: successfully reloaded assembly
- Completed reload, in  0.795 seconds
Platform modules already initialized, skipping
Refreshing native plugins compatible for Editor in 0.26 ms, found 0 plugins.
Preloading 0 native plugins for Editor in 0.00 ms.
Unloading 1111 Unused Serialized files (Serialized files now loaded: 0)
System memory in use before: 62.4 MB.
System memory in use after: 62.5 MB.

Unloading 5 unused Assets to reduce memory usage. Loaded Objects now: 1674.
Total: 2.485800 ms (FindLiveObjects: 0.228700 ms CreateObjectMapping: 0.047300 ms MarkObjects: 2.118200 ms  DeleteObjects: 0.090000 ms)

========================================================================
Received Import Request.
  Time since last request: 610.455120 seconds.
  path: Assets/Textures/preview-1.png
  artifactKey: Guid(6f42f2c687bb5734c99532b90d0b6db1) Importer(815301076,1909f56bfc062723c751e8b465ee728b)
Start importing Assets/Textures/preview-1.png using Guid(6f42f2c687bb5734c99532b90d0b6db1) Importer(815301076,1909f56bfc062723c751e8b465ee728b)  -> (artifact id: '88592603e28ff239610df823afa62f1f') in 0.053850 seconds
  Import took 0.057136 seconds .

========================================================================
Received Import Request.
  Time since last request: 15.192909 seconds.
  path: Assets/Textures/Terrain.mat
  artifactKey: Guid(3b72402dee2e1e84db0d39420ee2b595) Importer(815301076,1909f56bfc062723c751e8b465ee728b)
Start importing Assets/Textures/Terrain.mat using Guid(3b72402dee2e1e84db0d39420ee2b595) Importer(815301076,1909f56bfc062723c751e8b465ee728b)  -> (artifact id: 'a4077d251baec1938c9e18ab681a62ab') in 0.085343 seconds
  Import took 0.087963 seconds .

========================================================================
Received Import Request.
  Time since last request: 198.055357 seconds.
  path: Assets/Textures/New LightmapParameters.giparams
  artifactKey: Guid(e5adacb09c747da46a4054fe74ad55d5) Importer(815301076,1909f56bfc062723c751e8b465ee728b)
Start importing Assets/Textures/New LightmapParameters.giparams using Guid(e5adacb09c747da46a4054fe74ad55d5) Importer(815301076,1909f56bfc062723c751e8b465ee728b)  -> (artifact id: '87e266bff4a54b0cd97774a51562f3e5') in 0.010926 seconds
  Import took 0.012850 seconds .

========================================================================
Received Import Request.
  Time since last request: 121.704885 seconds.
  path: Assets/Textures/ground.terrainlayer
  artifactKey: Guid(6b505b7d75dae0b43854f1ebb76817fb) Importer(815301076,1909f56bfc062723c751e8b465ee728b)
Start importing Assets/Textures/ground.terrainlayer using Guid(6b505b7d75dae0b43854f1ebb76817fb) Importer(815301076,1909f56bfc062723c751e8b465ee728b)  -> (artifact id: '7cafad212dda49486d307480376b1c2e') in 0.011848 seconds
  Import took 0.014343 seconds .

========================================================================
Received Import Request.
  Time since last request: 237.795724 seconds.
  path: Assets/Textures/grass_tileable.png
  artifactKey: Guid(472374bc32d78cd47b2520455441841c) Importer(815301076,1909f56bfc062723c751e8b465ee728b)
Start importing Assets/Textures/grass_tileable.png using Guid(472374bc32d78cd47b2520455441841c) Importer(815301076,1909f56bfc062723c751e8b465ee728b)  -> (artifact id: 'aa823e5079c36cdc279ab3da26b4e2cb') in 0.048700 seconds
  Import took 0.069039 seconds .

========================================================================
Received Import Request.
  Time since last request: 53.124971 seconds.
  path: Assets/Textures/green-grass-seamless-texture-vector-7414927.jpg
  artifactKey: Guid(01cf8ead3532f1d4da846c0e66e2e1cb) Importer(815301076,1909f56bfc062723c751e8b465ee728b)
Start importing Assets/Textures/green-grass-seamless-texture-vector-7414927.jpg using Guid(01cf8ead3532f1d4da846c0e66e2e1cb) Importer(815301076,1909f56bfc062723c751e8b465ee728b)  -> (artifact id: 'eb4d4a521e096d0f4f272239194a166f') in 0.075044 seconds
  Import took 0.077637 seconds .

========================================================================
Received Import Request.
  Time since last request: 89.985163 seconds.
  path: Assets/Textures/green-grass-seamless-texture-vector-7414927.jpg
  artifactKey: Guid(01cf8ead3532f1d4da846c0e66e2e1cb) Importer(815301076,1909f56bfc062723c751e8b465ee728b)
Start importing Assets/Textures/green-grass-seamless-texture-vector-7414927.jpg using Guid(01cf8ead3532f1d4da846c0e66e2e1cb) Importer(815301076,1909f56bfc062723c751e8b465ee728b)  -> (artifact id: '04a1fbb8b5832e8e7f9b4d1a21cb847a') in 0.049168 seconds
  Import took 0.054458 seconds .

========================================================================
Received Prepare
Registering precompiled user dll's ...
Registered in 0.000604 seconds.
Begin MonoManager ReloadAssembly
Native extension for WindowsStandalone target not found
Refreshing native plugins compatible for Editor in 0.24 ms, found 0 plugins.
Preloading 0 native plugins for Editor in 0.00 ms.
Invoked RoslynAnalysisRunner static constructor.
RoslynAnalysisRunner will not be running.
RoslynAnalysisRunner has terminated.
Mono: successfully reloaded assembly
- Completed reload, in  0.778 seconds
Platform modules already initialized, skipping
Refreshing native plugins compatible for Editor in 0.19 ms, found 0 plugins.
Preloading 0 native plugins for Editor in 0.00 ms.
Unloading 1111 Unused Serialized files (Serialized files now loaded: 0)
System memory in use before: 62.5 MB.
System memory in use after: 62.6 MB.

Unloading 5 unused Assets to reduce memory usage. Loaded Objects now: 1679.
Total: 3.999800 ms (FindLiveObjects: 0.371600 ms CreateObjectMapping: 0.107400 ms MarkObjects: 3.414500 ms  DeleteObjects: 0.103900 ms)

========================================================================
Received Import Request.
  Time since last request: 103.546255 seconds.
  path: Assets/Textures/dirt.terrainlayer
  artifactKey: Guid(c5a2ae068dd6c864598174a18c4df40f) Importer(815301076,1909f56bfc062723c751e8b465ee728b)
Start importing Assets/Textures/dirt.terrainlayer using Guid(c5a2ae068dd6c864598174a18c4df40f) Importer(815301076,1909f56bfc062723c751e8b465ee728b)  -> (artifact id: '48537bdaa59aa3b7b71260c8055f4170') in 0.029440 seconds
  Import took 0.032012 seconds .

========================================================================
Received Import Request.
  Time since last request: 25.349979 seconds.
  path: Assets/Textures/b6f797a70b411b2d6c4481dac17a323a.jpg
  artifactKey: Guid(305271b896975e1479ee4b3f9472f907) Importer(815301076,1909f56bfc062723c751e8b465ee728b)
Start importing Assets/Textures/b6f797a70b411b2d6c4481dac17a323a.jpg using Guid(305271b896975e1479ee4b3f9472f907) Importer(815301076,1909f56bfc062723c751e8b465ee728b)  -> (artifact id: 'c6e647374faf4c51d7e2ab8dd3b02925') in 0.076816 seconds
  Import took 0.079901 seconds .

========================================================================
Received Prepare
Registering precompiled user dll's ...
Registered in 0.000671 seconds.
Begin MonoManager ReloadAssembly
Native extension for WindowsStandalone target not found
Refreshing native plugins compatible for Editor in 0.22 ms, found 0 plugins.
Preloading 0 native plugins for Editor in 0.00 ms.
Invoked RoslynAnalysisRunner static constructor.
RoslynAnalysisRunner will not be running.
RoslynAnalysisRunner has terminated.
Mono: successfully reloaded assembly
- Completed reload, in  0.788 seconds
Platform modules already initialized, skipping
Refreshing native plugins compatible for Editor in 0.24 ms, found 0 plugins.
Preloading 0 native plugins for Editor in 0.00 ms.
Unloading 1111 Unused Serialized files (Serialized files now loaded: 0)
System memory in use before: 62.5 MB.
System memory in use after: 62.6 MB.

Unloading 5 unused Assets to reduce memory usage. Loaded Objects now: 1682.
Total: 2.402100 ms (FindLiveObjects: 0.264000 ms CreateObjectMapping: 0.071300 ms MarkObjects: 1.981700 ms  DeleteObjects: 0.082000 ms)

========================================================================
Received Prepare
Registering precompiled user dll's ...
Registered in 0.000615 seconds.
Begin MonoManager ReloadAssembly
Native extension for WindowsStandalone target not found
Refreshing native plugins compatible for Editor in 0.26 ms, found 0 plugins.
Preloading 0 native plugins for Editor in 0.00 ms.
Invoked RoslynAnalysisRunner static constructor.
RoslynAnalysisRunner will not be running.
RoslynAnalysisRunner has terminated.
Mono: successfully reloaded assembly
- Completed reload, in  0.798 seconds
Platform modules already initialized, skipping
Refreshing native plugins compatible for Editor in 0.20 ms, found 0 plugins.
Preloading 0 native plugins for Editor in 0.00 ms.
Unloading 1111 Unused Serialized files (Serialized files now loaded: 0)
System memory in use before: 62.5 MB.
System memory in use after: 62.6 MB.

Unloading 5 unused Assets to reduce memory usage. Loaded Objects now: 1685.
Total: 2.004100 ms (FindLiveObjects: 0.216200 ms CreateObjectMapping: 0.047000 ms MarkObjects: 1.683200 ms  DeleteObjects: 0.056500 ms)

========================================================================
Received Prepare
Registering precompiled user dll's ...
Registered in 0.001001 seconds.
Begin MonoManager ReloadAssembly
Native extension for WindowsStandalone target not found
Refreshing native plugins compatible for Editor in 0.20 ms, found 0 plugins.
Preloading 0 native plugins for Editor in 0.00 ms.
Invoked RoslynAnalysisRunner static constructor.
RoslynAnalysisRunner will not be running.
RoslynAnalysisRunner has terminated.
Mono: successfully reloaded assembly
- Completed reload, in  0.849 seconds
Platform modules already initialized, skipping
Refreshing native plugins compatible for Editor in 0.60 ms, found 0 plugins.
Preloading 0 native plugins for Editor in 0.00 ms.
Unloading 1111 Unused Serialized files (Serialized files now loaded: 0)
System memory in use before: 62.5 MB.
System memory in use after: 62.6 MB.

Unloading 5 unused Assets to reduce memory usage. Loaded Objects now: 1688.
Total: 4.129400 ms (FindLiveObjects: 0.534500 ms CreateObjectMapping: 0.198500 ms MarkObjects: 3.274500 ms  DeleteObjects: 0.119400 ms)

========================================================================
Received Prepare
Registering precompiled user dll's ...
Registered in 0.000953 seconds.
Begin MonoManager ReloadAssembly
Native extension for WindowsStandalone target not found
Refreshing native plugins compatible for Editor in 0.29 ms, found 0 plugins.
Preloading 0 native plugins for Editor in 0.00 ms.
Invoked RoslynAnalysisRunner static constructor.
RoslynAnalysisRunner will not be running.
RoslynAnalysisRunner has terminated.
Mono: successfully reloaded assembly
- Completed reload, in  1.350 seconds
Platform modules already initialized, skipping
Refreshing native plugins compatible for Editor in 0.27 ms, found 0 plugins.
Preloading 0 native plugins for Editor in 0.00 ms.
Unloading 1111 Unused Serialized files (Serialized files now loaded: 0)
System memory in use before: 62.5 MB.
System memory in use after: 62.6 MB.

Unloading 5 unused Assets to reduce memory usage. Loaded Objects now: 1691.
Total: 3.826400 ms (FindLiveObjects: 0.245200 ms CreateObjectMapping: 0.089100 ms MarkObjects: 3.414200 ms  DeleteObjects: 0.075900 ms)

========================================================================
Received Prepare
Registering precompiled user dll's ...
Registered in 0.000863 seconds.
Begin MonoManager ReloadAssembly
Native extension for WindowsStandalone target not found
Refreshing native plugins compatible for Editor in 0.22 ms, found 0 plugins.
Preloading 0 native plugins for Editor in 0.00 ms.
Invoked RoslynAnalysisRunner static constructor.
RoslynAnalysisRunner will not be running.
RoslynAnalysisRunner has terminated.
Mono: successfully reloaded assembly
- Completed reload, in  0.796 seconds
Platform modules already initialized, skipping
Refreshing native plugins compatible for Editor in 0.20 ms, found 0 plugins.
Preloading 0 native plugins for Editor in 0.00 ms.
Unloading 1111 Unused Serialized files (Serialized files now loaded: 0)
System memory in use before: 62.5 MB.
System memory in use after: 62.6 MB.

Unloading 5 unused Assets to reduce memory usage. Loaded Objects now: 1694.
Total: 1.910900 ms (FindLiveObjects: 0.162900 ms CreateObjectMapping: 0.054000 ms MarkObjects: 1.632200 ms  DeleteObjects: 0.060600 ms)

========================================================================
Received Prepare
Registering precompiled user dll's ...
Registered in 0.000649 seconds.
Begin MonoManager ReloadAssembly
Native extension for WindowsStandalone target not found
Refreshing native plugins compatible for Editor in 0.46 ms, found 0 plugins.
Preloading 0 native plugins for Editor in 0.00 ms.
Invoked RoslynAnalysisRunner static constructor.
RoslynAnalysisRunner will not be running.
RoslynAnalysisRunner has terminated.
Mono: successfully reloaded assembly
- Completed reload, in  0.824 seconds
Platform modules already initialized, skipping
Refreshing native plugins compatible for Editor in 0.22 ms, found 0 plugins.
Preloading 0 native plugins for Editor in 0.00 ms.
Unloading 1111 Unused Serialized files (Serialized files now loaded: 0)
System memory in use before: 62.5 MB.
System memory in use after: 62.6 MB.

Unloading 5 unused Assets to reduce memory usage. Loaded Objects now: 1697.
Total: 2.516200 ms (FindLiveObjects: 0.250200 ms CreateObjectMapping: 0.100500 ms MarkObjects: 2.081300 ms  DeleteObjects: 0.082000 ms)

========================================================================
Received Import Request.
  Time since last request: 607.555146 seconds.
  path: Assets/Textures/leaves2.png
  artifactKey: Guid(88c792b442ce12b49b61b36b458b70e5) Importer(815301076,1909f56bfc062723c751e8b465ee728b)
Start importing Assets/Textures/leaves2.png using Guid(88c792b442ce12b49b61b36b458b70e5) Importer(815301076,1909f56bfc062723c751e8b465ee728b)  -> (artifact id: 'dee16cc8f451589e8c27ee3b140c3fc1') in 0.081633 seconds
  Import took 0.083995 seconds .

========================================================================
Received Import Request.
  Time since last request: 0.000200 seconds.
  path: Assets/Textures/grass1.png
  artifactKey: Guid(a50f2bbd3ff8cd9439e4cd45f1e5badd) Importer(815301076,1909f56bfc062723c751e8b465ee728b)
Start importing Assets/Textures/grass1.png using Guid(a50f2bbd3ff8cd9439e4cd45f1e5badd) Importer(815301076,1909f56bfc062723c751e8b465ee728b)  -> (artifact id: 'c6d11a607781248f4ede0cebd7cb7000') in 0.081531 seconds
  Import took 0.083948 seconds .

========================================================================
Received Import Request.
  Time since last request: 98.202995 seconds.
  path: Assets/Textures/leaves2.mat
  artifactKey: Guid(eb4dd92c02211fe41ac4ef7403f8112e) Importer(815301076,1909f56bfc062723c751e8b465ee728b)
Start importing Assets/Textures/leaves2.mat using Guid(eb4dd92c02211fe41ac4ef7403f8112e) Importer(815301076,1909f56bfc062723c751e8b465ee728b)  -> (artifact id: 'b573d50fd33ef69d007021fb5f0bd6b4') in 0.063440 seconds
  Import took 0.065771 seconds .

========================================================================
Received Import Request.
  Time since last request: 35.242114 seconds.
  path: Assets/Models/grass.fbx
  artifactKey: Guid(6ee13d98591df1d4996cba0fb0a7cf2d) Importer(815301076,1909f56bfc062723c751e8b465ee728b)
Start importing Assets/Models/grass.fbx using Guid(6ee13d98591df1d4996cba0fb0a7cf2d) Importer(815301076,1909f56bfc062723c751e8b465ee728b)  -> (artifact id: '83138b022f82f3a90cc1398c66ee9212') in 0.075340 seconds
  Import took 0.078199 seconds .

========================================================================
Received Import Request.
  Time since last request: 196.886648 seconds.
  path: Assets/Prefabs/tree (4).prefab
  artifactKey: Guid(b275fa28e6c4aa644a5328e7351d9645) Importer(815301076,1909f56bfc062723c751e8b465ee728b)
Start importing Assets/Prefabs/tree (4).prefab using Guid(b275fa28e6c4aa644a5328e7351d9645) Importer(815301076,1909f56bfc062723c751e8b465ee728b)  -> (artifact id: '1eb2f41fed13b214a9a8922ef3a3e1b7') in 0.046211 seconds
  Import took 0.049148 seconds .

========================================================================
Received Import Request.
  Time since last request: 0.000328 seconds.
  path: Assets/Prefabs/tree (4).prefab
  artifactKey: Guid(b275fa28e6c4aa644a5328e7351d9645) Importer(815301076,1909f56bfc062723c751e8b465ee728b)
Start importing Assets/Prefabs/tree (4).prefab using Guid(b275fa28e6c4aa644a5328e7351d9645) Importer(815301076,1909f56bfc062723c751e8b465ee728b)  -> (artifact id: '1eb2f41fed13b214a9a8922ef3a3e1b7') in 0.017199 seconds
  Import took 0.020535 seconds .

========================================================================
Received Import Request.
  Time since last request: 115.382608 seconds.
  path: Assets/Models/grass.fbx
  artifactKey: Guid(6ee13d98591df1d4996cba0fb0a7cf2d) Importer(815301076,1909f56bfc062723c751e8b465ee728b)
Start importing Assets/Models/grass.fbx using Guid(6ee13d98591df1d4996cba0fb0a7cf2d) Importer(815301076,1909f56bfc062723c751e8b465ee728b)  -> (artifact id: '53e45883bd99fa9674400cf88b4ce9fd') in 0.415127 seconds
  Import took 0.417247 seconds .

========================================================================
Received Import Request.
  Time since last request: 34.423352 seconds.
  path: Assets/Models/grass.fbx
  artifactKey: Guid(6ee13d98591df1d4996cba0fb0a7cf2d) Importer(815301076,1909f56bfc062723c751e8b465ee728b)
Start importing Assets/Models/grass.fbx using Guid(6ee13d98591df1d4996cba0fb0a7cf2d) Importer(815301076,1909f56bfc062723c751e8b465ee728b)  -> (artifact id: '5e6bc0f9264518d7a1a3b69f0e618f27') in 0.033898 seconds
  Import took 0.036986 seconds .

========================================================================
Received Import Request.
  Time since last request: 2.702773 seconds.
  path: Assets/Textures/Grass.mat
  artifactKey: Guid(6d94ece9b6001a74a88ed24095a34bec) Importer(815301076,1909f56bfc062723c751e8b465ee728b)
Start importing Assets/Textures/Grass.mat using Guid(6d94ece9b6001a74a88ed24095a34bec) Importer(815301076,1909f56bfc062723c751e8b465ee728b)  -> (artifact id: 'af74e94aad0eedeab487d83633b72a62') in 0.020088 seconds
  Import took 0.022104 seconds .

========================================================================
Received Import Request.
  Time since last request: 44.023890 seconds.
  path: Assets/Textures/Untitled_Artwork-1 (2).png
  artifactKey: Guid(5c76162a55516a34fbe203cbdb58d116) Importer(815301076,1909f56bfc062723c751e8b465ee728b)
Start importing Assets/Textures/Untitled_Artwork-1 (2).png using Guid(5c76162a55516a34fbe203cbdb58d116) Importer(815301076,1909f56bfc062723c751e8b465ee728b)  -> (artifact id: '130b7c6d3709419f99e5bda63f0d20f7') in 0.044732 seconds
  Import took 0.048253 seconds .

========================================================================
Received Import Request.
  Time since last request: 0.001357 seconds.
  path: Assets/Textures/Untitled_Artwork-1 (2).png
  artifactKey: Guid(5c76162a55516a34fbe203cbdb58d116) Importer(815301076,1909f56bfc062723c751e8b465ee728b)
Start importing Assets/Textures/Untitled_Artwork-1 (2).png using Guid(5c76162a55516a34fbe203cbdb58d116) Importer(815301076,1909f56bfc062723c751e8b465ee728b)  -> (artifact id: '130b7c6d3709419f99e5bda63f0d20f7') in 0.021284 seconds
  Import took 0.024901 seconds .

========================================================================
Received Import Request.
  Time since last request: 92.810192 seconds.
  path: Assets/Prefabs/grass.prefab
  artifactKey: Guid(699848c2fd234d84d96d28f7a215c890) Importer(815301076,1909f56bfc062723c751e8b465ee728b)
Start importing Assets/Prefabs/grass.prefab using Guid(699848c2fd234d84d96d28f7a215c890) Importer(815301076,1909f56bfc062723c751e8b465ee728b)  -> (artifact id: '2aca461898f4879d57abdd0d7cef61a1') in 0.045369 seconds
  Import took 0.047701 seconds .

========================================================================
Received Import Request.
  Time since last request: 479.425426 seconds.
  path: Assets/Prefabs/tree (3).prefab
  artifactKey: Guid(865397665425e1b4eb390d51dd77138d) Importer(815301076,1909f56bfc062723c751e8b465ee728b)
Start importing Assets/Prefabs/tree (3).prefab using Guid(865397665425e1b4eb390d51dd77138d) Importer(815301076,1909f56bfc062723c751e8b465ee728b)  -> (artifact id: '02191b88242e80d1bf1dad71aa3f84f3') in 0.069049 seconds
  Import took 0.071978 seconds .

========================================================================
Received Import Request.
  Time since last request: 0.007466 seconds.
  path: Assets/Prefabs/tree (3).prefab
  artifactKey: Guid(865397665425e1b4eb390d51dd77138d) Importer(815301076,1909f56bfc062723c751e8b465ee728b)
Start importing Assets/Prefabs/tree (3).prefab using Guid(865397665425e1b4eb390d51dd77138d) Importer(815301076,1909f56bfc062723c751e8b465ee728b)  -> (artifact id: '02191b88242e80d1bf1dad71aa3f84f3') in 0.023677 seconds
  Import took 0.025903 seconds .

========================================================================
Received Prepare
Registering precompiled user dll's ...
Registered in 0.000779 seconds.
Begin MonoManager ReloadAssembly
Native extension for WindowsStandalone target not found
Refreshing native plugins compatible for Editor in 0.23 ms, found 0 plugins.
Preloading 0 native plugins for Editor in 0.00 ms.
Invoked RoslynAnalysisRunner static constructor.
RoslynAnalysisRunner will not be running.
RoslynAnalysisRunner has terminated.
Mono: successfully reloaded assembly
- Completed reload, in  0.794 seconds
Platform modules already initialized, skipping
Refreshing native plugins compatible for Editor in 0.20 ms, found 0 plugins.
Preloading 0 native plugins for Editor in 0.00 ms.
Unloading 1111 Unused Serialized files (Serialized files now loaded: 0)
System memory in use before: 62.5 MB.
System memory in use after: 62.6 MB.

Unloading 5 unused Assets to reduce memory usage. Loaded Objects now: 1701.
Total: 2.172100 ms (FindLiveObjects: 0.200100 ms CreateObjectMapping: 0.056100 ms MarkObjects: 1.847800 ms  DeleteObjects: 0.067100 ms)

========================================================================
Received Import Request.
  Time since last request: 235.417820 seconds.
  path: Assets/Prefabs/tree (4) 1.prefab
  artifactKey: Guid(7512ae9e5cd3e06439d86b9fef6b785b) Importer(815301076,1909f56bfc062723c751e8b465ee728b)
Start importing Assets/Prefabs/tree (4) 1.prefab using Guid(7512ae9e5cd3e06439d86b9fef6b785b) Importer(815301076,1909f56bfc062723c751e8b465ee728b)  -> (artifact id: 'a6403c17718f3a38b8203aed16de1313') in 0.072075 seconds
  Import took 0.074392 seconds .

========================================================================
Received Import Request.
  Time since last request: 17.772996 seconds.
  path: Assets/Prefabs/greenTree.prefab
  artifactKey: Guid(7512ae9e5cd3e06439d86b9fef6b785b) Importer(815301076,1909f56bfc062723c751e8b465ee728b)
Start importing Assets/Prefabs/greenTree.prefab using Guid(7512ae9e5cd3e06439d86b9fef6b785b) Importer(815301076,1909f56bfc062723c751e8b465ee728b)  -> (artifact id: 'dd8c7df10ef918f799fb16ee8705b588') in 0.023256 seconds
  Import took 0.026002 seconds .

========================================================================
Received Import Request.
  Time since last request: 12.339530 seconds.
  path: Assets/Prefabs/yellowTree.prefab
  artifactKey: Guid(865397665425e1b4eb390d51dd77138d) Importer(815301076,1909f56bfc062723c751e8b465ee728b)
Start importing Assets/Prefabs/yellowTree.prefab using Guid(865397665425e1b4eb390d51dd77138d) Importer(815301076,1909f56bfc062723c751e8b465ee728b)  -> (artifact id: 'ba821df27ff8bd597c1defb84a414852') in 0.025032 seconds
  Import took 0.027341 seconds .

========================================================================
Received Prepare
Registering precompiled user dll's ...
Registered in 0.000619 seconds.
Begin MonoManager ReloadAssembly
Native extension for WindowsStandalone target not found
Refreshing native plugins compatible for Editor in 0.26 ms, found 0 plugins.
Preloading 0 native plugins for Editor in 0.00 ms.
Invoked RoslynAnalysisRunner static constructor.
RoslynAnalysisRunner will not be running.
RoslynAnalysisRunner has terminated.
Mono: successfully reloaded assembly
- Completed reload, in  0.803 seconds
Platform modules already initialized, skipping
Refreshing native plugins compatible for Editor in 0.20 ms, found 0 plugins.
Preloading 0 native plugins for Editor in 0.00 ms.
Unloading 1111 Unused Serialized files (Serialized files now loaded: 0)
System memory in use before: 62.6 MB.
System memory in use after: 62.6 MB.

Unloading 5 unused Assets to reduce memory usage. Loaded Objects now: 1705.
Total: 2.640600 ms (FindLiveObjects: 0.249600 ms CreateObjectMapping: 0.063800 ms MarkObjects: 2.240600 ms  DeleteObjects: 0.084100 ms)

========================================================================
Received Prepare
Registering precompiled user dll's ...
Registered in 0.000880 seconds.
Begin MonoManager ReloadAssembly
Native extension for WindowsStandalone target not found
Refreshing native plugins compatible for Editor in 0.20 ms, found 0 plugins.
Preloading 0 native plugins for Editor in 0.00 ms.
Invoked RoslynAnalysisRunner static constructor.
RoslynAnalysisRunner will not be running.
RoslynAnalysisRunner has terminated.
Mono: successfully reloaded assembly
- Completed reload, in  0.845 seconds
Platform modules already initialized, skipping
Refreshing native plugins compatible for Editor in 0.22 ms, found 0 plugins.
Preloading 0 native plugins for Editor in 0.00 ms.
Unloading 1111 Unused Serialized files (Serialized files now loaded: 0)
System memory in use before: 62.6 MB.
System memory in use after: 62.6 MB.

Unloading 5 unused Assets to reduce memory usage. Loaded Objects now: 1708.
Total: 3.554700 ms (FindLiveObjects: 0.304800 ms CreateObjectMapping: 0.094100 ms MarkObjects: 3.032900 ms  DeleteObjects: 0.120100 ms)

AssetImportWorkerClient::OnTransportError - code=2 error=End of file
